<?xml version="1.0" encoding="UTF-8"?>
<!-- Generated by org.testng.reporters.JUnitReportReporter -->
<testsuite hostname="a2312810a365" failures="0" tests="9" name="com.pagetest.vendorportal.VendorPortalTest" time="68.933" errors="0" timestamp="2024-06-04T19:44:46 UTC" skipped="0">
  <testcase classname="com.pagetest.vendorportal.VendorPortalTest" name="dashboardTest" time="9.404"/>
  <testcase classname="com.pagetest.vendorportal.VendorPortalTest" name="loginTest" time="7.375"/>
  <testcase classname="com.pagetest.vendorportal.VendorPortalTest" name="dashboardTest" time="9.242"/>
  <testcase classname="com.pagetest.vendorportal.VendorPortalTest" name="loginTest" time="7.539"/>
  <testcase classname="com.pagetest.vendorportal.VendorPortalTest" name="logout" time="7.014"/>
  <testcase classname="com.pagetest.vendorportal.VendorPortalTest" name="logout" time="7.764"/>
  <testcase classname="com.pagetest.vendorportal.VendorPortalTest" name="loginTest" time="7.697"/>
  <testcase classname="com.pagetest.vendorportal.VendorPortalTest" name="logout" time="3.455"/>
  <testcase classname="com.pagetest.vendorportal.VendorPortalTest" name="dashboardTest" time="9.443"/>
</testsuite> <!-- com.pagetest.vendorportal.VendorPortalTest -->
